d:\my documents\documents\github\interview_questions\utilities\debug\utilities.pch
d:\my documents\documents\github\interview_questions\utilities\debug\vc140.pdb
d:\my documents\documents\github\interview_questions\utilities\debug\vc140.idb
d:\my documents\documents\github\interview_questions\utilities\debug\stdafx.obj
d:\my documents\documents\github\interview_questions\utilities\debug\array.obj
d:\my documents\documents\github\interview_questions\utilities\debug\binarytree.obj
d:\my documents\documents\github\interview_questions\utilities\debug\list.obj
d:\my documents\documents\github\interview_questions\utilities\debug\stringutil.obj
d:\my documents\documents\github\interview_questions\utilities\debug\tree.obj
d:\my documents\documents\github\interview_questions\utilities\debug\dllmain.obj
d:\my documents\documents\github\interview_questions\debug\utilities.ilk
d:\my documents\documents\github\interview_questions\debug\utilities.dll
d:\my documents\documents\github\interview_questions\debug\utilities.pdb
d:\my documents\documents\github\interview_questions\debug\utilities.lib
d:\my documents\documents\github\interview_questions\debug\utilities.exp
d:\my documents\documents\github\interview_questions\utilities\debug\utilities.tlog\cl.command.1.tlog
d:\my documents\documents\github\interview_questions\utilities\debug\utilities.tlog\cl.read.1.tlog
d:\my documents\documents\github\interview_questions\utilities\debug\utilities.tlog\cl.write.1.tlog
d:\my documents\documents\github\interview_questions\utilities\debug\utilities.tlog\link.command.1.tlog
d:\my documents\documents\github\interview_questions\utilities\debug\utilities.tlog\link.read.1.tlog
d:\my documents\documents\github\interview_questions\utilities\debug\utilities.tlog\link.write.1.tlog
d:\my documents\documents\github\interview_questions\utilities\debug\utilities.tlog\utilities.write.1u.tlog
